data-and-scratch/app-data
Using data-and-scratch/scratch for training
Using gpu for training
Current Directory  /tmp/test
++++++++++
<data.datasets.dataset_3d_duke.DUKE_Dataset3D object at 0x7f2f528195b0>
{'uid': '027_left', 'source': tensor([[[[-0.8771, -0.8212, -0.8212,  ..., -0.7207, -0.7207, -0.7207],
          [-0.8771, -0.7989, -0.7989,  ..., -0.7207, -0.7207, -0.7207],
          [-0.8101, -0.8212, -0.8994,  ..., -0.7207, -0.7207, -0.7207],
          ...,
          [-0.8771, -0.8212, -0.6872,  ..., -0.7207, -0.7207, -0.7207],
          [-0.7765, -0.6872, -0.5754,  ..., -0.7207, -0.7207, -0.7207],
          [-0.6648, -0.6648, -0.6536,  ..., -0.7207, -0.7207, -0.7207]],

         [[-0.8883, -0.8994, -0.8771,  ..., -0.7207, -0.7207, -0.7207],
          [-0.8994, -0.8659, -0.8547,  ..., -0.7207, -0.7207, -0.7207],
          [-0.8883, -0.8771, -0.8547,  ..., -0.7207, -0.7207, -0.7207],
          ...,
          [-0.6536, -0.5307, -0.7095,  ..., -0.7207, -0.7207, -0.7207],
          [-0.8547, -0.7318, -0.6872,  ..., -0.7207, -0.7207, -0.7207],
          [-0.7430, -0.7207, -0.7318,  ..., -0.7207, -0.7207, -0.7207]],

         [[-0.7765, -0.8659, -0.8883,  ..., -0.7207, -0.7207, -0.7207],
          [-0.7654, -0.8101, -0.8771,  ..., -0.7207, -0.7207, -0.7207],
          [-0.7542, -0.7430, -0.8436,  ..., -0.7207, -0.7207, -0.7207],
          ...,
          [-0.6760, -0.6760, -0.6536,  ..., -0.7207, -0.7207, -0.7207],
          [-0.6201, -0.5419, -0.6313,  ..., -0.7207, -0.7207, -0.7207],
          [-0.8324, -0.7989, -0.7989,  ..., -0.7207, -0.7207, -0.7207]],

         ...,

         [[-0.8436, -0.8659, -0.8324,  ..., -0.7207, -0.7207, -0.7207],
          [-0.8324, -0.8212, -0.8883,  ..., -0.7207, -0.7207, -0.7207],
          [-0.8547, -0.8212, -0.8771,  ..., -0.7207, -0.7207, -0.7207],
          ...,
          [-0.5307, -0.7207, -0.5642,  ..., -0.7207, -0.7207, -0.7207],
          [-0.4972, -0.6536, -0.2849,  ..., -0.7207, -0.7207, -0.7207],
          [-0.7542, -0.8101, -0.5754,  ..., -0.7207, -0.7207, -0.7207]],

         [[-0.8771, -0.8436, -0.8547,  ..., -0.7207, -0.7207, -0.7207],
          [-0.9106, -0.8883, -0.8883,  ..., -0.7207, -0.7207, -0.7207],
          [-0.9330, -0.9665, -0.9665,  ..., -0.7207, -0.7207, -0.7207],
          ...,
          [-0.6648, -0.7207, -0.7207,  ..., -0.7207, -0.7207, -0.7207],
          [-0.5642, -0.5642, -0.5866,  ..., -0.7207, -0.7207, -0.7207],
          [-0.4525, -0.5866, -0.6536,  ..., -0.7207, -0.7207, -0.7207]],

         [[-0.8883, -0.8883, -0.8994,  ..., -0.7207, -0.7207, -0.7207],
          [-0.8883, -0.8771, -0.8771,  ..., -0.7207, -0.7207, -0.7207],
          [-0.8994, -0.8994, -0.8659,  ..., -0.7207, -0.7207, -0.7207],
          ...,
          [-0.7877, -0.9106, -0.8883,  ..., -0.7207, -0.7207, -0.7207],
          [-0.7318, -0.7542, -0.8436,  ..., -0.7207, -0.7207, -0.7207],
          [-0.7765, -0.8436, -0.8659,  ..., -0.7207, -0.7207, -0.7207]]],


        [[[-0.8765, -0.8354, -0.8930,  ..., -0.7037, -0.7037, -0.7037],
          [-0.8848, -0.8848, -0.8848,  ..., -0.7037, -0.7037, -0.7037],
          [-0.8930, -0.8930, -0.8848,  ..., -0.7037, -0.7037, -0.7037],
          ...,
          [-0.3663, -0.3663, -0.2099,  ..., -0.7037, -0.7037, -0.7037],
          [-0.5144, -0.4568, -0.3251,  ..., -0.7037, -0.7037, -0.7037],
          [-0.3909, -0.4156, -0.3251,  ..., -0.7037, -0.7037, -0.7037]],

         [[-0.9342, -0.9177, -0.9177,  ..., -0.7037, -0.7037, -0.7037],
          [-0.9259, -0.9259, -0.9177,  ..., -0.7037, -0.7037, -0.7037],
          [-0.8683, -0.8354, -0.8601,  ..., -0.7037, -0.7037, -0.7037],
          ...,
          [-0.2016, -0.1029, -0.2840,  ..., -0.7037, -0.7037, -0.7037],
          [-0.3909, -0.1440, -0.2675,  ..., -0.7037, -0.7037, -0.7037],
          [-0.3909, -0.2099, -0.1852,  ..., -0.7037, -0.7037, -0.7037]],

         [[-0.8848, -0.9012, -0.9095,  ..., -0.7037, -0.7037, -0.7037],
          [-0.8848, -0.8601, -0.8848,  ..., -0.7037, -0.7037, -0.7037],
          [-0.9342, -0.9012, -0.8765,  ..., -0.7037, -0.7037, -0.7037],
          ...,
          [-0.0700, -0.1358, -0.0947,  ..., -0.7037, -0.7037, -0.7037],
          [-0.2099, -0.1852, -0.0041,  ..., -0.7037, -0.7037, -0.7037],
          [-0.1934, -0.1770,  0.0041,  ..., -0.7037, -0.7037, -0.7037]],

         ...,

         [[-0.9342, -0.9424, -0.9177,  ..., -0.7037, -0.7037, -0.7037],
          [-0.9259, -0.9177, -0.8848,  ..., -0.7037, -0.7037, -0.7037],
          [-0.9342, -0.9095, -0.8683,  ..., -0.7037, -0.7037, -0.7037],
          ...,
          [-0.3251, -0.3333, -0.2263,  ..., -0.7037, -0.7037, -0.7037],
          [-0.2428, -0.5062, -0.3992,  ..., -0.7037, -0.7037, -0.7037],
          [-0.0206, -0.1276, -0.0864,  ..., -0.7037, -0.7037, -0.7037]],

         [[-0.9588, -0.9424, -0.9012,  ..., -0.7037, -0.7037, -0.7037],
          [-0.9424, -0.9342, -0.8930,  ..., -0.7037, -0.7037, -0.7037],
          [-0.8601, -0.8930, -0.8765,  ..., -0.7037, -0.7037, -0.7037],
          ...,
          [-0.3909, -0.1605,  0.0123,  ..., -0.7037, -0.7037, -0.7037],
          [-0.2510, -0.3827, -0.2346,  ..., -0.7037, -0.7037, -0.7037],
          [-0.1523, -0.4650, -0.3992,  ..., -0.7037, -0.7037, -0.7037]],

         [[-0.9095, -0.9012, -0.9342,  ..., -0.7037, -0.7037, -0.7037],
          [-0.9259, -0.9259, -0.9259,  ..., -0.7037, -0.7037, -0.7037],
          [-0.9095, -0.8930, -0.9095,  ..., -0.7037, -0.7037, -0.7037],
          ...,
          [-0.2840, -0.2016, -0.1523,  ..., -0.7037, -0.7037, -0.7037],
          [-0.3992, -0.1029, -0.1934,  ..., -0.7037, -0.7037, -0.7037],
          [-0.3169, -0.1523, -0.0453,  ..., -0.7037, -0.7037, -0.7037]]]]), 'target': 0}
12
3
<torch.utils.data.dataset.Subset object at 0x7f2f528195e0>
{'uid': '027_left', 'source': tensor([[[[-0.7207, -0.7207, -0.7207,  ..., -0.8212, -0.8212, -0.8771],
          [-0.7207, -0.7207, -0.7207,  ..., -0.7989, -0.7989, -0.8771],
          [-0.7207, -0.7207, -0.7207,  ..., -0.8994, -0.8212, -0.8101],
          ...,
          [-0.7207, -0.7207, -0.7207,  ..., -0.6872, -0.8212, -0.8771],
          [-0.7207, -0.7207, -0.7207,  ..., -0.5754, -0.6872, -0.7765],
          [-0.7207, -0.7207, -0.7207,  ..., -0.6536, -0.6648, -0.6648]],

         [[-0.7207, -0.7207, -0.7207,  ..., -0.8771, -0.8994, -0.8883],
          [-0.7207, -0.7207, -0.7207,  ..., -0.8547, -0.8659, -0.8994],
          [-0.7207, -0.7207, -0.7207,  ..., -0.8547, -0.8771, -0.8883],
          ...,
          [-0.7207, -0.7207, -0.7207,  ..., -0.7095, -0.5307, -0.6536],
          [-0.7207, -0.7207, -0.7207,  ..., -0.6872, -0.7318, -0.8547],
          [-0.7207, -0.7207, -0.7207,  ..., -0.7318, -0.7207, -0.7430]],

         [[-0.7207, -0.7207, -0.7207,  ..., -0.8883, -0.8659, -0.7765],
          [-0.7207, -0.7207, -0.7207,  ..., -0.8771, -0.8101, -0.7654],
          [-0.7207, -0.7207, -0.7207,  ..., -0.8436, -0.7430, -0.7542],
          ...,
          [-0.7207, -0.7207, -0.7207,  ..., -0.6536, -0.6760, -0.6760],
          [-0.7207, -0.7207, -0.7207,  ..., -0.6313, -0.5419, -0.6201],
          [-0.7207, -0.7207, -0.7207,  ..., -0.7989, -0.7989, -0.8324]],

         ...,

         [[-0.7207, -0.7207, -0.7207,  ..., -0.8324, -0.8659, -0.8436],
          [-0.7207, -0.7207, -0.7207,  ..., -0.8883, -0.8212, -0.8324],
          [-0.7207, -0.7207, -0.7207,  ..., -0.8771, -0.8212, -0.8547],
          ...,
          [-0.7207, -0.7207, -0.7207,  ..., -0.5642, -0.7207, -0.5307],
          [-0.7207, -0.7207, -0.7207,  ..., -0.2849, -0.6536, -0.4972],
          [-0.7207, -0.7207, -0.7207,  ..., -0.5754, -0.8101, -0.7542]],

         [[-0.7207, -0.7207, -0.7207,  ..., -0.8547, -0.8436, -0.8771],
          [-0.7207, -0.7207, -0.7207,  ..., -0.8883, -0.8883, -0.9106],
          [-0.7207, -0.7207, -0.7207,  ..., -0.9665, -0.9665, -0.9330],
          ...,
          [-0.7207, -0.7207, -0.7207,  ..., -0.7207, -0.7207, -0.6648],
          [-0.7207, -0.7207, -0.7207,  ..., -0.5866, -0.5642, -0.5642],
          [-0.7207, -0.7207, -0.7207,  ..., -0.6536, -0.5866, -0.4525]],

         [[-0.7207, -0.7207, -0.7207,  ..., -0.8994, -0.8883, -0.8883],
          [-0.7207, -0.7207, -0.7207,  ..., -0.8771, -0.8771, -0.8883],
          [-0.7207, -0.7207, -0.7207,  ..., -0.8659, -0.8994, -0.8994],
          ...,
          [-0.7207, -0.7207, -0.7207,  ..., -0.8883, -0.9106, -0.7877],
          [-0.7207, -0.7207, -0.7207,  ..., -0.8436, -0.7542, -0.7318],
          [-0.7207, -0.7207, -0.7207,  ..., -0.8659, -0.8436, -0.7765]]],


        [[[-0.7037, -0.7037, -0.7037,  ..., -0.8930, -0.8354, -0.8765],
          [-0.7037, -0.7037, -0.7037,  ..., -0.8848, -0.8848, -0.8848],
          [-0.7037, -0.7037, -0.7037,  ..., -0.8848, -0.8930, -0.8930],
          ...,
          [-0.7037, -0.7037, -0.7037,  ..., -0.2099, -0.3663, -0.3663],
          [-0.7037, -0.7037, -0.7037,  ..., -0.3251, -0.4568, -0.5144],
          [-0.7037, -0.7037, -0.7037,  ..., -0.3251, -0.4156, -0.3909]],

         [[-0.7037, -0.7037, -0.7037,  ..., -0.9177, -0.9177, -0.9342],
          [-0.7037, -0.7037, -0.7037,  ..., -0.9177, -0.9259, -0.9259],
          [-0.7037, -0.7037, -0.7037,  ..., -0.8601, -0.8354, -0.8683],
          ...,
          [-0.7037, -0.7037, -0.7037,  ..., -0.2840, -0.1029, -0.2016],
          [-0.7037, -0.7037, -0.7037,  ..., -0.2675, -0.1440, -0.3909],
          [-0.7037, -0.7037, -0.7037,  ..., -0.1852, -0.2099, -0.3909]],

         [[-0.7037, -0.7037, -0.7037,  ..., -0.9095, -0.9012, -0.8848],
          [-0.7037, -0.7037, -0.7037,  ..., -0.8848, -0.8601, -0.8848],
          [-0.7037, -0.7037, -0.7037,  ..., -0.8765, -0.9012, -0.9342],
          ...,
          [-0.7037, -0.7037, -0.7037,  ..., -0.0947, -0.1358, -0.0700],
          [-0.7037, -0.7037, -0.7037,  ..., -0.0041, -0.1852, -0.2099],
          [-0.7037, -0.7037, -0.7037,  ...,  0.0041, -0.1770, -0.1934]],

         ...,

         [[-0.7037, -0.7037, -0.7037,  ..., -0.9177, -0.9424, -0.9342],
          [-0.7037, -0.7037, -0.7037,  ..., -0.8848, -0.9177, -0.9259],
          [-0.7037, -0.7037, -0.7037,  ..., -0.8683, -0.9095, -0.9342],
          ...,
          [-0.7037, -0.7037, -0.7037,  ..., -0.2263, -0.3333, -0.3251],
          [-0.7037, -0.7037, -0.7037,  ..., -0.3992, -0.5062, -0.2428],
          [-0.7037, -0.7037, -0.7037,  ..., -0.0864, -0.1276, -0.0206]],

         [[-0.7037, -0.7037, -0.7037,  ..., -0.9012, -0.9424, -0.9588],
          [-0.7037, -0.7037, -0.7037,  ..., -0.8930, -0.9342, -0.9424],
          [-0.7037, -0.7037, -0.7037,  ..., -0.8765, -0.8930, -0.8601],
          ...,
          [-0.7037, -0.7037, -0.7037,  ...,  0.0123, -0.1605, -0.3909],
          [-0.7037, -0.7037, -0.7037,  ..., -0.2346, -0.3827, -0.2510],
          [-0.7037, -0.7037, -0.7037,  ..., -0.3992, -0.4650, -0.1523]],

         [[-0.7037, -0.7037, -0.7037,  ..., -0.9342, -0.9012, -0.9095],
          [-0.7037, -0.7037, -0.7037,  ..., -0.9259, -0.9259, -0.9259],
          [-0.7037, -0.7037, -0.7037,  ..., -0.9095, -0.8930, -0.9095],
          ...,
          [-0.7037, -0.7037, -0.7037,  ..., -0.1523, -0.2016, -0.2840],
          [-0.7037, -0.7037, -0.7037,  ..., -0.1934, -0.1029, -0.3992],
          [-0.7037, -0.7037, -0.7037,  ..., -0.0453, -0.1523, -0.3169]]]]), 'target': 0}
{'uid': '031_left', 'source': tensor([[[[-1.0000, -1.0000, -1.0000,  ..., -0.5299, -0.4286, -0.1953],
          [-1.0000, -1.0000, -1.0000,  ..., -0.6678, -0.4809, -0.1554],
          [-1.0000, -1.0000, -1.0000,  ..., -0.6761, -0.4992, -0.2600],
          ...,
          [-1.0000, -1.0000, -1.0000,  ..., -1.0000, -1.0000, -1.0000],
          [-1.0000, -1.0000, -1.0000,  ..., -1.0000, -1.0000, -1.0000],
          [-1.0000, -1.0000, -1.0000,  ..., -1.0000, -1.0000, -1.0000]],

         [[-1.0000, -1.0000, -1.0000,  ..., -0.3074, -0.2277, -0.1562],
          [-1.0000, -1.0000, -1.0000,  ..., -0.2526, -0.1471, -0.0649],
          [-1.0000, -1.0000, -1.0000,  ..., -0.3198, -0.2642, -0.1803],
          ...,
          [-1.0000, -1.0000, -1.0000,  ..., -1.0000, -1.0000, -1.0000],
          [-1.0000, -1.0000, -1.0000,  ..., -1.0000, -1.0000, -1.0000],
          [-1.0000, -1.0000, -1.0000,  ..., -1.0000, -1.0000, -1.0000]],

         [[-1.0000, -1.0000, -1.0000,  ..., -0.6960, -0.6653, -0.6271],
          [-1.0000, -1.0000, -1.0000,  ..., -0.7068, -0.7002, -0.6263],
          [-1.0000, -1.0000, -1.0000,  ..., -0.8007, -0.7567, -0.6130],
          ...,
          [-1.0000, -1.0000, -1.0000,  ..., -1.0000, -1.0000, -1.0000],
          [-1.0000, -1.0000, -1.0000,  ..., -1.0000, -1.0000, -1.0000],
          [-1.0000, -1.0000, -1.0000,  ..., -1.0000, -1.0000, -1.0000]],

         ...,

         [[-1.0000, -1.0000, -1.0000,  ..., -0.7218, -0.7035, -0.6944],
          [-1.0000, -1.0000, -1.0000,  ..., -0.4369, -0.5075, -0.7741],
          [-1.0000, -1.0000, -1.0000,  ..., -0.3846, -0.4452, -0.7002],
          ...,
          [-1.0000, -1.0000, -1.0000,  ..., -1.0000, -1.0000, -1.0000],
          [-1.0000, -1.0000, -1.0000,  ..., -1.0000, -1.0000, -1.0000],
          [-1.0000, -1.0000, -1.0000,  ..., -1.0000, -1.0000, -1.0000]],

         [[-1.0000, -1.0000, -1.0000,  ..., -0.3904, -0.4386, -0.6479],
          [-1.0000, -1.0000, -1.0000,  ..., -0.6014, -0.6005, -0.6769],
          [-1.0000, -1.0000, -1.0000,  ..., -0.6969, -0.6628, -0.6279],
          ...,
          [-1.0000, -1.0000, -1.0000,  ..., -1.0000, -1.0000, -1.0000],
          [-1.0000, -1.0000, -1.0000,  ..., -1.0000, -1.0000, -1.0000],
          [-1.0000, -1.0000, -1.0000,  ..., -1.0000, -1.0000, -1.0000]],

         [[-1.0000, -1.0000, -1.0000,  ..., -0.6595, -0.6097, -0.5997],
          [-1.0000, -1.0000, -1.0000,  ..., -0.4710, -0.5009, -0.6279],
          [-1.0000, -1.0000, -1.0000,  ..., -0.5266, -0.6221, -0.7583],
          ...,
          [-1.0000, -1.0000, -1.0000,  ..., -1.0000, -1.0000, -1.0000],
          [-1.0000, -1.0000, -1.0000,  ..., -1.0000, -1.0000, -1.0000],
          [-1.0000, -1.0000, -1.0000,  ..., -1.0000, -1.0000, -1.0000]]],


        [[[-1.0000, -1.0000, -1.0000,  ..., -0.1476, -0.1874, -0.2725],
          [-1.0000, -1.0000, -1.0000,  ..., -0.4818, -0.4611, -0.3990],
          [-1.0000, -1.0000, -1.0000,  ..., -0.5393, -0.5017, -0.4074],
          ...,
          [-1.0000, -1.0000, -1.0000,  ..., -1.0000, -1.0000, -1.0000],
          [-1.0000, -1.0000, -1.0000,  ..., -1.0000, -1.0000, -1.0000],
          [-1.0000, -1.0000, -1.0000,  ..., -1.0000, -1.0000, -1.0000]],

         [[-1.0000, -1.0000, -1.0000,  ..., -0.4082, -0.3269, -0.3775],
          [-1.0000, -1.0000, -1.0000,  ..., -0.3469, -0.2181, -0.1736],
          [-1.0000, -1.0000, -1.0000,  ..., -0.2733, -0.1430, -0.0977],
          ...,
          [-1.0000, -1.0000, -1.0000,  ..., -1.0000, -1.0000, -1.0000],
          [-1.0000, -1.0000, -1.0000,  ..., -1.0000, -1.0000, -1.0000],
          [-1.0000, -1.0000, -1.0000,  ..., -1.0000, -1.0000, -1.0000]],

         [[-1.0000, -1.0000, -1.0000,  ..., -0.5876, -0.5638, -0.4680],
          [-1.0000, -1.0000, -1.0000,  ..., -0.5539, -0.5585, -0.5646],
          [-1.0000, -1.0000, -1.0000,  ..., -0.5837, -0.6021, -0.6251],
          ...,
          [-1.0000, -1.0000, -1.0000,  ..., -1.0000, -1.0000, -1.0000],
          [-1.0000, -1.0000, -1.0000,  ..., -1.0000, -1.0000, -1.0000],
          [-1.0000, -1.0000, -1.0000,  ..., -1.0000, -1.0000, -1.0000]],

         ...,

         [[-1.0000, -1.0000, -1.0000,  ..., -0.1414, -0.1575, -0.2212],
          [-1.0000, -1.0000, -1.0000,  ..., -0.0724, -0.1384, -0.2664],
          [-1.0000, -1.0000, -1.0000,  ..., -0.3024, -0.3852, -0.3837],
          ...,
          [-1.0000, -1.0000, -1.0000,  ..., -1.0000, -1.0000, -1.0000],
          [-1.0000, -1.0000, -1.0000,  ..., -1.0000, -1.0000, -1.0000],
          [-1.0000, -1.0000, -1.0000,  ..., -1.0000, -1.0000, -1.0000]],

         [[-1.0000, -1.0000, -1.0000,  ..., -0.1207, -0.0786, -0.2035],
          [-1.0000, -1.0000, -1.0000,  ..., -0.1207, -0.1322, -0.2350],
          [-1.0000, -1.0000, -1.0000,  ..., -0.2817, -0.3001, -0.3200],
          ...,
          [-1.0000, -1.0000, -1.0000,  ..., -1.0000, -1.0000, -1.0000],
          [-1.0000, -1.0000, -1.0000,  ..., -1.0000, -1.0000, -1.0000],
          [-1.0000, -1.0000, -1.0000,  ..., -1.0000, -1.0000, -1.0000]],

         [[-1.0000, -1.0000, -1.0000,  ..., -0.2227, -0.1844, -0.1453],
          [-1.0000, -1.0000, -1.0000,  ..., -0.1667, -0.1867, -0.2825],
          [-1.0000, -1.0000, -1.0000,  ..., -0.4021, -0.4389, -0.4964],
          ...,
          [-1.0000, -1.0000, -1.0000,  ..., -1.0000, -1.0000, -1.0000],
          [-1.0000, -1.0000, -1.0000,  ..., -1.0000, -1.0000, -1.0000],
          [-1.0000, -1.0000, -1.0000,  ..., -1.0000, -1.0000, -1.0000]]]]), 'target': 0}
{'uid': '027_right', 'source': tensor([[[[-0.9086, -0.9086, -0.9695,  ..., -0.7665, -0.7665, -0.7665],
          [-0.9391, -0.9492, -0.9289,  ..., -0.7665, -0.7665, -0.7665],
          [-0.9391, -0.9391, -0.8579,  ..., -0.7665, -0.7665, -0.7665],
          ...,
          [-0.6650, -0.7056, -0.5533,  ..., -0.7665, -0.7665, -0.7665],
          [-0.6751, -0.6954, -0.4721,  ..., -0.7665, -0.7665, -0.7665],
          [-0.7259, -0.7563, -0.6447,  ..., -0.7665, -0.7665, -0.7665]],

         [[-0.8782, -0.8782, -0.9188,  ..., -0.7665, -0.7665, -0.7665],
          [-0.9188, -0.9086, -0.8883,  ..., -0.7665, -0.7665, -0.7665],
          [-0.9594, -0.9695, -0.9086,  ..., -0.7665, -0.7665, -0.7665],
          ...,
          [-0.7462, -0.5635, -0.6244,  ..., -0.7665, -0.7665, -0.7665],
          [-0.7360, -0.6244, -0.7563,  ..., -0.7665, -0.7665, -0.7665],
          [-0.6244, -0.7360, -0.9086,  ..., -0.7665, -0.7665, -0.7665]],

         [[-0.9289, -0.8985, -0.8782,  ..., -0.7665, -0.7665, -0.7665],
          [-0.9492, -0.9391, -0.8985,  ..., -0.7665, -0.7665, -0.7665],
          [-0.9594, -0.9492, -0.8985,  ..., -0.7665, -0.7665, -0.7665],
          ...,
          [-0.7056, -0.8883, -0.7665,  ..., -0.7665, -0.7665, -0.7665],
          [-0.7360, -0.8173, -0.6548,  ..., -0.7665, -0.7665, -0.7665],
          [-0.8579, -0.7157, -0.7056,  ..., -0.7665, -0.7665, -0.7665]],

         ...,

         [[-0.8985, -0.8883, -0.9086,  ..., -0.7665, -0.7665, -0.7665],
          [-0.8985, -0.8680, -0.9086,  ..., -0.7665, -0.7665, -0.7665],
          [-0.9086, -0.8782, -0.8985,  ..., -0.7665, -0.7665, -0.7665],
          ...,
          [-0.7360, -0.6650, -0.5838,  ..., -0.7665, -0.7665, -0.7665],
          [-0.6548, -0.7462, -0.7868,  ..., -0.7665, -0.7665, -0.7665],
          [-0.8477, -0.8173, -0.6548,  ..., -0.7665, -0.7665, -0.7665]],

         [[-0.8680, -0.8376, -0.9086,  ..., -0.7665, -0.7665, -0.7665],
          [-0.8579, -0.8579, -0.9086,  ..., -0.7665, -0.7665, -0.7665],
          [-0.8782, -0.9086, -0.9289,  ..., -0.7665, -0.7665, -0.7665],
          ...,
          [-0.7157, -0.7360, -0.7462,  ..., -0.7665, -0.7665, -0.7665],
          [-0.8173, -0.7665, -0.5838,  ..., -0.7665, -0.7665, -0.7665],
          [-0.7970, -0.8071, -0.6244,  ..., -0.7665, -0.7665, -0.7665]],

         [[-0.8985, -0.8985, -0.9086,  ..., -0.7665, -0.7665, -0.7665],
          [-0.8680, -0.8782, -0.9289,  ..., -0.7665, -0.7665, -0.7665],
          [-0.8782, -0.8985, -0.9086,  ..., -0.7665, -0.7665, -0.7665],
          ...,
          [-0.8883, -0.7970, -0.7665,  ..., -0.7665, -0.7665, -0.7665],
          [-0.8274, -0.7766, -0.7563,  ..., -0.7665, -0.7665, -0.7665],
          [-0.7157, -0.7259, -0.7766,  ..., -0.7665, -0.7665, -0.7665]]],


        [[[-0.9620, -0.9544, -0.9392,  ..., -0.7414, -0.7414, -0.7414],
          [-0.9620, -0.9392, -0.9316,  ..., -0.7414, -0.7414, -0.7414],
          [-0.9544, -0.9163, -0.9087,  ..., -0.7414, -0.7414, -0.7414],
          ...,
          [-0.3536, -0.2243, -0.1483,  ..., -0.7414, -0.7414, -0.7414],
          [-0.4144, -0.3004, -0.2624,  ..., -0.7414, -0.7414, -0.7414],
          [-0.1939, -0.3080, -0.4297,  ..., -0.7414, -0.7414, -0.7414]],

         [[-0.9468, -0.9392, -0.9772,  ..., -0.7414, -0.7414, -0.7414],
          [-0.9696, -0.9468, -0.9620,  ..., -0.7414, -0.7414, -0.7414],
          [-0.9087, -0.9316, -0.9392,  ..., -0.7414, -0.7414, -0.7414],
          ...,
          [-0.2928, -0.4297, -0.4297,  ..., -0.7414, -0.7414, -0.7414],
          [-0.1711, -0.6122, -0.6882,  ..., -0.7414, -0.7414, -0.7414],
          [-0.2700, -0.5817, -0.4601,  ..., -0.7414, -0.7414, -0.7414]],

         [[-0.9163, -0.9240, -0.9240,  ..., -0.7414, -0.7414, -0.7414],
          [-0.8859, -0.9163, -0.9163,  ..., -0.7414, -0.7414, -0.7414],
          [-0.8859, -0.9087, -0.9392,  ..., -0.7414, -0.7414, -0.7414],
          ...,
          [-0.1559,  0.0418, -0.0875,  ..., -0.7414, -0.7414, -0.7414],
          [-0.0722, -0.2243, -0.3156,  ..., -0.7414, -0.7414, -0.7414],
          [-0.2548, -0.3536, -0.3004,  ..., -0.7414, -0.7414, -0.7414]],

         ...,

         [[-0.8859, -0.8631, -0.9240,  ..., -0.7414, -0.7414, -0.7414],
          [-0.9316, -0.9163, -0.9240,  ..., -0.7414, -0.7414, -0.7414],
          [-0.9468, -0.9620, -0.9392,  ..., -0.7414, -0.7414, -0.7414],
          ...,
          [-0.2395, -0.4144, -0.4373,  ..., -0.7414, -0.7414, -0.7414],
          [-0.3384, -0.3916, -0.3688,  ..., -0.7414, -0.7414, -0.7414],
          [-0.3916, -0.4221, -0.3232,  ..., -0.7414, -0.7414, -0.7414]],

         [[-0.9392, -0.9468, -0.9696,  ..., -0.7414, -0.7414, -0.7414],
          [-0.9392, -0.9240, -0.9544,  ..., -0.7414, -0.7414, -0.7414],
          [-0.9011, -0.9087, -0.9392,  ..., -0.7414, -0.7414, -0.7414],
          ...,
          [-0.4753, -0.4068, -0.3460,  ..., -0.7414, -0.7414, -0.7414],
          [-0.6274, -0.4829, -0.2471,  ..., -0.7414, -0.7414, -0.7414],
          [-0.5437, -0.4068, -0.2091,  ..., -0.7414, -0.7414, -0.7414]],

         [[-0.9316, -0.9163, -0.9544,  ..., -0.7414, -0.7414, -0.7414],
          [-0.9316, -0.9316, -0.9620,  ..., -0.7414, -0.7414, -0.7414],
          [-0.9316, -0.9392, -0.9544,  ..., -0.7414, -0.7414, -0.7414],
          ...,
          [-0.3992, -0.3612, -0.3764,  ..., -0.7414, -0.7414, -0.7414],
          [-0.4449, -0.2319, -0.1863,  ..., -0.7414, -0.7414, -0.7414],
          [-0.3688, -0.3308, -0.3384,  ..., -0.7414, -0.7414, -0.7414]]]]), 'target': 1}
========1========
========2========
2023-02-04 10:44:11,207 : SwarmCallback : INFO : SwarmCallbackBase logger is set
2023-02-04 10:44:11,207 - SwarmCallbackBase logger is set
2023-02-04 10:44:11,207 : SwarmCallback : INFO : ***Swarm Callback Params: Inside SwarmCallbackBase at user side***
2023-02-04 10:44:11,207 - ***Swarm Callback Params: Inside SwarmCallbackBase at user side***
2023-02-04 10:44:11,208 : SwarmCallback : INFO : syncFrequency: 128
2023-02-04 10:44:11,208 - syncFrequency: 128
2023-02-04 10:44:11,208 : SwarmCallback : INFO : minPeers: 2
2023-02-04 10:44:11,208 - minPeers: 2
2023-02-04 10:44:11,208 : SwarmCallback : INFO : trainingContract: defaultbb.cqdb.sml.hpe
2023-02-04 10:44:11,208 - trainingContract: defaultbb.cqdb.sml.hpe
2023-02-04 10:44:11,208 : SwarmCallback : INFO : maxPeers: 0
2023-02-04 10:44:11,208 - maxPeers: 0
2023-02-04 10:44:11,208 : SwarmCallback : INFO : valBatchSize: 2
2023-02-04 10:44:11,208 - valBatchSize: 2
2023-02-04 10:44:11,208 : SwarmCallback : INFO : useAdaptiveSync: False
2023-02-04 10:44:11,208 - useAdaptiveSync: False
2023-02-04 10:44:11,208 : SwarmCallback : INFO : checkinModelOnTrainEnd: CheckinModel.snapshot
2023-02-04 10:44:11,208 - checkinModelOnTrainEnd: CheckinModel.snapshot
2023-02-04 10:44:11,208 : SwarmCallback : INFO : nodeWeightage: 1
2023-02-04 10:44:11,208 - nodeWeightage: 1
2023-02-04 10:44:11,208 : SwarmCallback : INFO : ==============================
2023-02-04 10:44:11,208 - ==============================
2023-02-04 10:44:11,208 : SwarmCallback : INFO : ****************************************************
2023-02-04 10:44:11,208 - ****************************************************
2023-02-04 10:44:11,208 : SwarmCallback : INFO : ***** Is Swarm callback in loopback mode: False *****
2023-02-04 10:44:11,208 - ***** Is Swarm callback in loopback mode: False *****
2023-02-04 10:44:11,208 : SwarmCallback : INFO : ****************************************************
2023-02-04 10:44:11,208 - ****************************************************
2023-02-04T10:44:11.208724 /tmp/hpe-swarm/demo.0.request.pipe: File exists
2023-02-04T10:44:11.208803 /tmp/hpe-swarm/demo.0.response.pipe: File exists
========3========
2023-02-04 10:44:23,683 : SwarmCallback : DEBUG : ==================== swarmOnTrainBegin : START ====================
2023-02-04 10:44:23,683 - ==================== swarmOnTrainBegin : START ====================
2023-02-04 10:44:23,683 : SwarmCallback : DEBUG : Extracting model weights for syncing ...
2023-02-04 10:44:23,683 - Extracting model weights for syncing ...
2023-02-04 10:44:24,181 : SwarmCallback : INFO : Starting Swarm merging round ...
2023-02-04 10:44:24,181 - Starting Swarm merging round ...
/opt/conda/lib/python3.9/site-packages/swarmlearning/pyt.py:185: UserWarning: The given NumPy array is not writable, and PyTorch does not support non-writable tensors. This means writing to this tensor will result in undefined behavior. You may want to copy the array to protect its data or make it writable before converting it to a tensor. This type of warning will be suppressed for the rest of this program. (Triggered internally at /opt/conda/conda-bld/pytorch_1670525551200/work/torch/csrc/utils/tensor_numpy.cpp:199.)
  tempDict[k] = torch.Tensor(inDict[k])
2023-02-04 10:45:02,228 : SwarmCallback : INFO : Calculated local loss using merged parameters = 0
2023-02-04 10:45:02,228 - Calculated local loss using merged parameters = 0
